  Action.cpp
  Animation.cpp
  Assets.cpp
  Entity.cpp
  EntityManager.cpp
  GameEngine.cpp
  Scene.cpp
  Scene_Credits.cpp
  Scene_GameOver.cpp
  Scene_Level_Editor.cpp
  Scene_Level_Editor_Menu.cpp
  Scene_LoadGame_Menu.cpp
  Scene_MainGame.cpp
  Scene_Menu.cpp
  main.cpp
  Physics.cpp
  Scene_Options.cpp
  Scene_Overworld.cpp
  Scene_StoryMode_Menu.cpp
  Vec2.cpp
C:\Users\kaver\Documents\GitHub\4300FinalProject-Woody-s-Axe-\src\Scene_MainGame.cpp(467,24): warning C4018: '<': signed/unsigned mismatch
C:\Users\kaver\Documents\GitHub\4300FinalProject-Woody-s-Axe-\src\Scene_MainGame.cpp(966,67): warning C4018: '<=': signed/unsigned mismatch
C:\Users\kaver\Documents\GitHub\4300FinalProject-Woody-s-Axe-\src\Scene_MainGame.cpp(988,22): warning C4018: '>': signed/unsigned mismatch
C:\Users\kaver\Documents\GitHub\4300FinalProject-Woody-s-Axe-\src\Scene_MainGame.cpp(1228,32): warning C4018: '>=': signed/unsigned mismatch
C:\Users\kaver\Documents\GitHub\4300FinalProject-Woody-s-Axe-\src\Scene_Overworld.cpp(409,21): warning C4018: '<': signed/unsigned mismatch
C:\Users\kaver\Documents\GitHub\4300FinalProject-Woody-s-Axe-\src\Scene_Options.cpp(307,37): warning C4018: '<': signed/unsigned mismatch
C:\Users\kaver\Documents\GitHub\4300FinalProject-Woody-s-Axe-\src\Scene_Options.cpp(319,37): warning C4018: '>': signed/unsigned mismatch
C:\Users\kaver\Documents\GitHub\4300FinalProject-Woody-s-Axe-\src\Scene_Options.cpp(501,33): warning C4018: '<': signed/unsigned mismatch
C:\Users\kaver\Documents\GitHub\4300FinalProject-Woody-s-Axe-\src\Scene_Options.cpp(512,33): warning C4018: '<': signed/unsigned mismatch
  LINK : ..\bin\SFMLGame_d.exe not found or not built by the last incremental link; performing full link
  SFMLGame.vcxproj -> C:\Users\kaver\Documents\GitHub\4300FinalProject-Woody-s-Axe-\bin\SFMLGame_d.exe
